# JRE version: Java(TM) SE Runtime Environment (17.0.7+8) (build 17.0.7+8-LTS-224)
# Java VM: Java HotSpot(TM) 64-Bit Server VM (17.0.7+8-LTS-224, mixed mode, emulated-client, sharing, tiered, compressed oops, compressed class ptrs, g1 gc, bsd-aarch64)
GC Precious Log:
 CPUs: 8 total, 8 available
 Memory: 8192M
 Large Page Support: Disabled
 NUMA Support: Disabled
 Compressed Oops: Enabled (Zero based)
 Heap Region Size: 1M
 Heap Min Capacity: 8M
 Heap Initial Capacity: 128M
 Heap Max Capacity: 2G
 Pre-touch: Disabled
 Parallel Workers: 8
 Concurrent Workers: 2
 Concurrent Refinement Workers: 8
 Periodic GC: Disabled
Heap:
 garbage-first heap   total 51200K, used 20288K [0x0000000780000000, 0x0000000800000000)
  region size 1024K, 7 young (7168K), 2 survivors (2048K)
 Metaspace       used 29896K, committed 30528K, reserved 1081344K
  class space    used 4160K, committed 4480K, reserved 1048576K
GC Heap History (20 events):
Event: 1519.704 GC heap before
{Heap before GC invocations=35 (full 15):
 garbage-first heap   total 51200K, used 37485K [0x0000000780000000, 0x0000000800000000)
  region size 1024K, 24 young (24576K), 0 survivors (0K)
 Metaspace       used 28039K, committed 28544K, reserved 1073152K
  class space    used 3905K, committed 4160K, reserved 1048576K
}
Event: 1519.706 GC heap after
{Heap after GC invocations=36 (full 15):
 garbage-first heap   total 51200K, used 15328K [0x0000000780000000, 0x0000000800000000)
  region size 1024K, 3 young (3072K), 3 survivors (3072K)
 Metaspace       used 28039K, committed 28544K, reserved 1073152K
  class space    used 3905K, committed 4160K, reserved 1048576K
}
Event: 1546.386 GC heap before
{Heap before GC invocations=36 (full 15):
 garbage-first heap   total 51200K, used 21472K [0x0000000780000000, 0x0000000800000000)
  region size 1024K, 10 young (10240K), 3 survivors (3072K)
 Metaspace       used 28218K, committed 28800K, reserved 1073152K
  class space    used 3945K, committed 4224K, reserved 1048576K
}
Event: 1546.410 GC heap after
{Heap after GC invocations=37 (full 16):
 garbage-first heap   total 51200K, used 13126K [0x0000000780000000, 0x0000000800000000)
  region size 1024K, 0 young (0K), 0 survivors (0K)
 Metaspace       used 28208K, committed 28800K, reserved 1073152K
  class space    used 3944K, committed 4224K, reserved 1048576K
}
Event: 1546.495 GC heap before
{Heap before GC invocations=37 (full 16):
 garbage-first heap   total 51200K, used 36678K [0x0000000780000000, 0x0000000800000000)
  region size 1024K, 23 young (23552K), 0 survivors (0K)
 Metaspace       used 28222K, committed 28800K, reserved 1073152K
  class space    used 3945K, committed 4224K, reserved 1048576K
}
Event: 1546.496 GC heap after
{Heap after GC invocations=38 (full 16):
 garbage-first heap   total 51200K, used 15387K [0x0000000780000000, 0x0000000800000000)
  region size 1024K, 3 young (3072K), 3 survivors (3072K)
 Metaspace       used 28222K, committed 28800K, reserved 1073152K
  class space    used 3945K, committed 4224K, reserved 1048576K
}
Event: 1767.861 GC heap before
{Heap before GC invocations=38 (full 16):
 garbage-first heap   total 51200K, used 21531K [0x0000000780000000, 0x0000000800000000)
  region size 1024K, 10 young (10240K), 3 survivors (3072K)
 Metaspace       used 28228K, committed 28800K, reserved 1073152K
  class space    used 3945K, committed 4224K, reserved 1048576K
}
Event: 1767.883 GC heap after
{Heap after GC invocations=39 (full 17):
 garbage-first heap   total 51200K, used 13132K [0x0000000780000000, 0x0000000800000000)
  region size 1024K, 0 young (0K), 0 survivors (0K)
 Metaspace       used 28219K, committed 28800K, reserved 1073152K
  class space    used 3944K, committed 4224K, reserved 1048576K
}
Event: 1767.955 GC heap before
{Heap before GC invocations=39 (full 17):
 garbage-first heap   total 51200K, used 36684K [0x0000000780000000, 0x0000000800000000)
  region size 1024K, 23 young (23552K), 0 survivors (0K)
 Metaspace       used 28225K, committed 28800K, reserved 1073152K
  class space    used 3945K, committed 4224K, reserved 1048576K
}
Event: 1767.956 GC heap after
{Heap after GC invocations=40 (full 17):
 garbage-first heap   total 51200K, used 15384K [0x0000000780000000, 0x0000000800000000)
  region size 1024K, 3 young (3072K), 3 survivors (3072K)
 Metaspace       used 28225K, committed 28800K, reserved 1073152K
  class space    used 3945K, committed 4224K, reserved 1048576K
}
Event: 1920.181 GC heap before
{Heap before GC invocations=40 (full 17):
 garbage-first heap   total 51200K, used 20504K [0x0000000780000000, 0x0000000800000000)
  region size 1024K, 9 young (9216K), 3 survivors (3072K)
 Metaspace       used 28228K, committed 28800K, reserved 1073152K
  class space    used 3945K, committed 4224K, reserved 1048576K
}
Event: 1920.207 GC heap after
{Heap after GC invocations=41 (full 18):
 garbage-first heap   total 51200K, used 13090K [0x0000000780000000, 0x0000000800000000)
  region size 1024K, 0 young (0K), 0 survivors (0K)
 Metaspace       used 28205K, committed 28800K, reserved 1073152K
  class space    used 3942K, committed 4224K, reserved 1048576K
}
Event: 1920.293 GC heap before
{Heap before GC invocations=41 (full 18):
 garbage-first heap   total 51200K, used 37666K [0x0000000780000000, 0x0000000800000000)
  region size 1024K, 24 young (24576K), 0 survivors (0K)
 Metaspace       used 28212K, committed 28800K, reserved 1073152K
  class space    used 3943K, committed 4224K, reserved 1048576K
}
Event: 1920.295 GC heap after
{Heap after GC invocations=42 (full 18):
 garbage-first heap   total 51200K, used 15492K [0x0000000780000000, 0x0000000800000000)
  region size 1024K, 3 young (3072K), 3 survivors (3072K)
 Metaspace       used 28212K, committed 28800K, reserved 1073152K
  class space    used 3943K, committed 4224K, reserved 1048576K
}
Event: 2020.064 GC heap before
{Heap before GC invocations=42 (full 18):
 garbage-first heap   total 51200K, used 19588K [0x0000000780000000, 0x0000000800000000)
  region size 1024K, 8 young (8192K), 3 survivors (3072K)
 Metaspace       used 28215K, committed 28800K, reserved 1073152K
  class space    used 3944K, committed 4224K, reserved 1048576K
}
Event: 2020.084 GC heap after
{Heap after GC invocations=43 (full 19):
 garbage-first heap   total 51200K, used 13090K [0x0000000780000000, 0x0000000800000000)
  region size 1024K, 0 young (0K), 0 survivors (0K)
 Metaspace       used 28205K, committed 28800K, reserved 1073152K
  class space    used 3942K, committed 4224K, reserved 1048576K
}
Event: 2020.175 GC heap before
{Heap before GC invocations=43 (full 19):
 garbage-first heap   total 51200K, used 37666K [0x0000000780000000, 0x0000000800000000)
  region size 1024K, 24 young (24576K), 0 survivors (0K)
 Metaspace       used 28212K, committed 28800K, reserved 1073152K
  class space    used 3943K, committed 4224K, reserved 1048576K
}
Event: 2020.176 GC heap after
{Heap after GC invocations=44 (full 19):
 garbage-first heap   total 51200K, used 15400K [0x0000000780000000, 0x0000000800000000)
  region size 1024K, 3 young (3072K), 3 survivors (3072K)
 Metaspace       used 28212K, committed 28800K, reserved 1073152K
  class space    used 3943K, committed 4224K, reserved 1048576K
}
Event: 2748.938 GC heap before
{Heap before GC invocations=44 (full 19):
 garbage-first heap   total 51200K, used 36904K [0x0000000780000000, 0x0000000800000000)
  region size 1024K, 25 young (25600K), 3 survivors (3072K)
 Metaspace       used 29781K, committed 30400K, reserved 1081344K
  class space    used 4146K, committed 4480K, reserved 1048576K
}
Event: 2748.944 GC heap after
{Heap after GC invocations=45 (full 19):
 garbage-first heap   total 51200K, used 16192K [0x0000000780000000, 0x0000000800000000)
  region size 1024K, 2 young (2048K), 2 survivors (2048K)
 Metaspace       used 29781K, committed 30400K, reserved 1081344K
  class space    used 4146K, committed 4480K, reserved 1048576K
}

